<?xml version="1.0" encoding="UTF-8"?>
<testng-results ignored="0" total="1" passed="1" failed="0" skipped="0">
  <reporter-output>
  </reporter-output>
  <suite started-at="2020-07-29T14:18:23 IST" name="Default suite" finished-at="2020-07-29T14:18:44 IST" duration-ms="20409">
    <groups>
    </groups>
    <test started-at="2020-07-29T14:18:23 IST" name="Default test" finished-at="2020-07-29T14:18:44 IST" duration-ms="20409">
      <class name="testng_Pac1_SL.testng_Quantas_SL">
        <test-method is-config="true" signature="setup()[pri:0, instance:testng_Pac1_SL.testng_Quantas_SL@45dd4eda]" started-at="2020-07-29T14:18:23 IST" name="setup" finished-at="2020-07-29T14:18:37 IST" duration-ms="14139" status="PASS">
          <reporter-output>
          </reporter-output>
        </test-method> <!-- setup -->
        <test-method signature="bookFlightTest()[pri:0, instance:testng_Pac1_SL.testng_Quantas_SL@45dd4eda]" started-at="2020-07-29T14:18:37 IST" name="bookFlightTest" finished-at="2020-07-29T14:18:42 IST" duration-ms="4796" status="PASS">
          <reporter-output>
          </reporter-output>
        </test-method> <!-- bookFlightTest -->
        <test-method is-config="true" signature="quitbrowser()[pri:0, instance:testng_Pac1_SL.testng_Quantas_SL@45dd4eda]" started-at="2020-07-29T14:18:42 IST" name="quitbrowser" finished-at="2020-07-29T14:18:43 IST" duration-ms="1374" status="PASS">
          <reporter-output>
          </reporter-output>
        </test-method> <!-- quitbrowser -->
      </class> <!-- testng_Pac1_SL.testng_Quantas_SL -->
    </test> <!-- Default test -->
  </suite> <!-- Default suite -->
</testng-results>
